# JRE version: OpenJDK Runtime Environment (17.0.7) (build 17.0.7+0-b2043.56-10550314)
# Java VM: OpenJDK 64-Bit Server VM (17.0.7+0-b2043.56-10550314, mixed mode, tiered, compressed oops, compressed class ptrs, g1 gc, windows-amd64)
GC Precious Log:
 CPUs: 4 total, 4 available
 Memory: 16267M
 Large Page Support: Disabled
 NUMA Support: Disabled
 Compressed Oops: Enabled (Zero based)
 Heap Region Size: 2M
 Heap Min Capacity: 8M
 Heap Initial Capacity: 256M
 Heap Max Capacity: 4G
 Pre-touch: Disabled
 Parallel Workers: 4
 Concurrent Workers: 1
 Concurrent Refinement Workers: 4
 Periodic GC: Disabled
Heap:
 garbage-first heap   total 385024K, used 147127K [0x0000000700000000, 0x0000000800000000)
  region size 2048K, 8 young (16384K), 1 survivors (2048K)
 Metaspace       used 119517K, committed 120512K, reserved 1179648K
  class space    used 16024K, committed 16448K, reserved 1048576K
GC Heap History (20 events):
Event: 63.134 GC heap before
{Heap before GC invocations=58 (full 0):
 garbage-first heap   total 178176K, used 140191K [0x0000000700000000, 0x0000000800000000)
  region size 2048K, 20 young (40960K), 3 survivors (6144K)
 Metaspace       used 107844K, committed 108736K, reserved 1179648K
  class space    used 14761K, committed 15168K, reserved 1048576K
}
Event: 63.146 GC heap after
{Heap after GC invocations=59 (full 0):
 garbage-first heap   total 178176K, used 108293K [0x0000000700000000, 0x0000000800000000)
  region size 2048K, 2 young (4096K), 2 survivors (4096K)
 Metaspace       used 107844K, committed 108736K, reserved 1179648K
  class space    used 14761K, committed 15168K, reserved 1048576K
}
Event: 64.552 GC heap before
{Heap before GC invocations=60 (full 0):
 garbage-first heap   total 198656K, used 141061K [0x0000000700000000, 0x0000000800000000)
  region size 2048K, 18 young (36864K), 2 survivors (4096K)
 Metaspace       used 109967K, committed 110848K, reserved 1179648K
  class space    used 15054K, committed 15488K, reserved 1048576K
}
Event: 64.562 GC heap after
{Heap after GC invocations=61 (full 0):
 garbage-first heap   total 198656K, used 110710K [0x0000000700000000, 0x0000000800000000)
  region size 2048K, 3 young (6144K), 3 survivors (6144K)
 Metaspace       used 109967K, committed 110848K, reserved 1179648K
  class space    used 15054K, committed 15488K, reserved 1048576K
}
Event: 66.118 GC heap before
{Heap before GC invocations=61 (full 0):
 garbage-first heap   total 198656K, used 155766K [0x0000000700000000, 0x0000000800000000)
  region size 2048K, 26 young (53248K), 3 survivors (6144K)
 Metaspace       used 111523K, committed 112512K, reserved 1179648K
  class space    used 15237K, committed 15680K, reserved 1048576K
}
Event: 66.146 GC heap after
{Heap after GC invocations=62 (full 0):
 garbage-first heap   total 198656K, used 118100K [0x0000000700000000, 0x0000000800000000)
  region size 2048K, 4 young (8192K), 4 survivors (8192K)
 Metaspace       used 111523K, committed 112512K, reserved 1179648K
  class space    used 15237K, committed 15680K, reserved 1048576K
}
Event: 67.963 GC heap before
{Heap before GC invocations=63 (full 0):
 garbage-first heap   total 215040K, used 157012K [0x0000000700000000, 0x0000000800000000)
  region size 2048K, 23 young (47104K), 4 survivors (8192K)
 Metaspace       used 113505K, committed 114432K, reserved 1179648K
  class space    used 15418K, committed 15808K, reserved 1048576K
}
Event: 67.978 GC heap after
{Heap after GC invocations=64 (full 0):
 garbage-first heap   total 215040K, used 123745K [0x0000000700000000, 0x0000000800000000)
  region size 2048K, 2 young (4096K), 2 survivors (4096K)
 Metaspace       used 113505K, committed 114432K, reserved 1179648K
  class space    used 15418K, committed 15808K, reserved 1048576K
}
Event: 68.016 GC heap before
{Heap before GC invocations=64 (full 0):
 garbage-first heap   total 215040K, used 127841K [0x0000000700000000, 0x0000000800000000)
  region size 2048K, 5 young (10240K), 2 survivors (4096K)
 Metaspace       used 113505K, committed 114432K, reserved 1179648K
  class space    used 15418K, committed 15808K, reserved 1048576K
}
Event: 68.023 GC heap after
{Heap after GC invocations=65 (full 0):
 garbage-first heap   total 215040K, used 124499K [0x0000000700000000, 0x0000000800000000)
  region size 2048K, 1 young (2048K), 1 survivors (2048K)
 Metaspace       used 113505K, committed 114432K, reserved 1179648K
  class space    used 15418K, committed 15808K, reserved 1048576K
}
Event: 68.255 GC heap before
{Heap before GC invocations=65 (full 0):
 garbage-first heap   total 215040K, used 171603K [0x0000000700000000, 0x0000000800000000)
  region size 2048K, 24 young (49152K), 1 survivors (2048K)
 Metaspace       used 113506K, committed 114432K, reserved 1179648K
  class space    used 15418K, committed 15808K, reserved 1048576K
}
Event: 68.258 GC heap after
{Heap after GC invocations=66 (full 0):
 garbage-first heap   total 215040K, used 124594K [0x0000000700000000, 0x0000000800000000)
  region size 2048K, 1 young (2048K), 1 survivors (2048K)
 Metaspace       used 113506K, committed 114432K, reserved 1179648K
  class space    used 15418K, committed 15808K, reserved 1048576K
}
Event: 69.021 GC heap before
{Heap before GC invocations=67 (full 0):
 garbage-first heap   total 245760K, used 173746K [0x0000000700000000, 0x0000000800000000)
  region size 2048K, 26 young (53248K), 1 survivors (2048K)
 Metaspace       used 113506K, committed 114432K, reserved 1179648K
  class space    used 15418K, committed 15808K, reserved 1048576K
}
Event: 69.024 GC heap after
{Heap after GC invocations=68 (full 0):
 garbage-first heap   total 245760K, used 125291K [0x0000000700000000, 0x0000000800000000)
  region size 2048K, 1 young (2048K), 1 survivors (2048K)
 Metaspace       used 113506K, committed 114432K, reserved 1179648K
  class space    used 15418K, committed 15808K, reserved 1048576K
}
Event: 181.998 GC heap before
{Heap before GC invocations=68 (full 0):
 garbage-first heap   total 245760K, used 203115K [0x0000000700000000, 0x0000000800000000)
  region size 2048K, 39 young (79872K), 1 survivors (2048K)
 Metaspace       used 118623K, committed 119552K, reserved 1179648K
  class space    used 15963K, committed 16384K, reserved 1048576K
}
Event: 182.007 GC heap after
{Heap after GC invocations=69 (full 0):
 garbage-first heap   total 245760K, used 126943K [0x0000000700000000, 0x0000000800000000)
  region size 2048K, 3 young (6144K), 3 survivors (6144K)
 Metaspace       used 118623K, committed 119552K, reserved 1179648K
  class space    used 15963K, committed 16384K, reserved 1048576K
}
Event: 183.901 GC heap before
{Heap before GC invocations=70 (full 0):
 garbage-first heap   total 249856K, used 202719K [0x0000000700000000, 0x0000000800000000)
  region size 2048K, 40 young (81920K), 3 survivors (6144K)
 Metaspace       used 119351K, committed 120384K, reserved 1179648K
  class space    used 16011K, committed 16448K, reserved 1048576K
}
Event: 183.925 GC heap after
{Heap after GC invocations=71 (full 0):
 garbage-first heap   total 249856K, used 133375K [0x0000000700000000, 0x0000000800000000)
  region size 2048K, 5 young (10240K), 5 survivors (10240K)
 Metaspace       used 119351K, committed 120384K, reserved 1179648K
  class space    used 16011K, committed 16448K, reserved 1048576K
}
Event: 183.982 GC heap before
{Heap before GC invocations=71 (full 0):
 garbage-first heap   total 249856K, used 135423K [0x0000000700000000, 0x0000000800000000)
  region size 2048K, 6 young (12288K), 5 survivors (10240K)
 Metaspace       used 119395K, committed 120384K, reserved 1179648K
  class space    used 16018K, committed 16448K, reserved 1048576K
}
Event: 184.003 GC heap after
{Heap after GC invocations=72 (full 0):
 garbage-first heap   total 385024K, used 134839K [0x0000000700000000, 0x0000000800000000)
  region size 2048K, 1 young (2048K), 1 survivors (2048K)
 Metaspace       used 119395K, committed 120384K, reserved 1179648K
  class space    used 16018K, committed 16448K, reserved 1048576K
}

